{"name":"hexo","hostname":"Liang-Mac-Pro.local","pid":69417,"level":20,"msg":"Hexo version: \u001b[35m3.2.2\u001b[39m","time":"2017-02-10T07:08:17.879Z","v":0}
{"name":"hexo","hostname":"Liang-Mac-Pro.local","pid":69417,"level":20,"msg":"Working directory: \u001b[35m~/Documents/private/proliang.com/hexo.proliang.com/\u001b[39m","time":"2017-02-10T07:08:17.882Z","v":0}
{"name":"hexo","hostname":"Liang-Mac-Pro.local","pid":69417,"level":20,"msg":"Config loaded: \u001b[35m~/Documents/private/proliang.com/hexo.proliang.com/_config.yml\u001b[39m","time":"2017-02-10T07:08:17.994Z","v":0}
{"name":"hexo","hostname":"Liang-Mac-Pro.local","pid":69417,"level":20,"msg":"Plugin loaded: \u001b[35mhexo-generator-archive\u001b[39m","time":"2017-02-10T07:08:18.009Z","v":0}
{"name":"hexo","hostname":"Liang-Mac-Pro.local","pid":69417,"level":20,"msg":"Plugin loaded: \u001b[35mhexo-generator-category\u001b[39m","time":"2017-02-10T07:08:18.011Z","v":0}
{"name":"hexo","hostname":"Liang-Mac-Pro.local","pid":69417,"level":20,"msg":"Plugin loaded: \u001b[35mhexo-generator-index\u001b[39m","time":"2017-02-10T07:08:18.013Z","v":0}
{"name":"hexo","hostname":"Liang-Mac-Pro.local","pid":69417,"level":20,"msg":"Plugin loaded: \u001b[35mhexo-generator-tag\u001b[39m","time":"2017-02-10T07:08:18.014Z","v":0}
{"name":"hexo","hostname":"Liang-Mac-Pro.local","pid":69417,"level":20,"msg":"Plugin loaded: \u001b[35mhexo-migrator-wordpress\u001b[39m","time":"2017-02-10T07:08:18.187Z","v":0}
{"name":"hexo","hostname":"Liang-Mac-Pro.local","pid":69417,"level":20,"msg":"Plugin loaded: \u001b[35mhexo-renderer-ejs\u001b[39m","time":"2017-02-10T07:08:18.190Z","v":0}
{"name":"hexo","hostname":"Liang-Mac-Pro.local","pid":69417,"level":20,"msg":"Plugin loaded: \u001b[35mhexo-renderer-marked\u001b[39m","time":"2017-02-10T07:08:18.195Z","v":0}
{"name":"hexo","hostname":"Liang-Mac-Pro.local","pid":69417,"level":20,"msg":"Plugin loaded: \u001b[35mhexo-renderer-stylus\u001b[39m","time":"2017-02-10T07:08:18.198Z","v":0}
{"name":"hexo","hostname":"Liang-Mac-Pro.local","pid":69417,"level":20,"msg":"Plugin loaded: \u001b[35mhexo-server\u001b[39m","time":"2017-02-10T07:08:18.246Z","v":0}
{"name":"hexo","hostname":"Liang-Mac-Pro.local","pid":69417,"level":20,"msg":"Script loaded: \u001b[35mthemes/next/scripts/merge-configs.js\u001b[39m","time":"2017-02-10T07:08:18.246Z","v":0}
{"name":"hexo","hostname":"Liang-Mac-Pro.local","pid":69417,"level":20,"msg":"Script loaded: \u001b[35mthemes/next/scripts/tags/button.js\u001b[39m","time":"2017-02-10T07:08:18.247Z","v":0}
{"name":"hexo","hostname":"Liang-Mac-Pro.local","pid":69417,"level":20,"msg":"Script loaded: \u001b[35mthemes/next/scripts/tags/center-quote.js\u001b[39m","time":"2017-02-10T07:08:18.247Z","v":0}
{"name":"hexo","hostname":"Liang-Mac-Pro.local","pid":69417,"level":20,"msg":"Script loaded: \u001b[35mthemes/next/scripts/tags/full-image.js\u001b[39m","time":"2017-02-10T07:08:18.248Z","v":0}
{"name":"hexo","hostname":"Liang-Mac-Pro.local","pid":69417,"level":20,"msg":"Script loaded: \u001b[35mthemes/next/scripts/tags/group-pictures.js\u001b[39m","time":"2017-02-10T07:08:18.249Z","v":0}
{"name":"hexo","hostname":"Liang-Mac-Pro.local","pid":69417,"level":20,"msg":"Script loaded: \u001b[35mthemes/next/scripts/tags/note.js\u001b[39m","time":"2017-02-10T07:08:18.249Z","v":0}
{"name":"hexo","hostname":"Liang-Mac-Pro.local","pid":69417,"level":20,"msg":"Loading database.","time":"2017-02-10T07:08:18.257Z","v":0}
{"name":"hexo","hostname":"Liang-Mac-Pro.local","pid":69417,"level":30,"msg":"Start processing","time":"2017-02-10T07:08:18.264Z","v":0}
{"name":"hexo","hostname":"Liang-Mac-Pro.local","pid":69417,"level":20,"msg":"Processed: \u001b[35mdebug.log\u001b[39m","time":"2017-02-10T07:08:18.319Z","v":0}
{"name":"hexo","hostname":"Liang-Mac-Pro.local","pid":69417,"level":20,"msg":"Theme config loaded.","time":"2017-02-10T07:08:18.447Z","v":0}
{"name":"hexo","hostname":"Liang-Mac-Pro.local","pid":69417,"level":20,"msg":"Processed: \u001b[35m_config.yml\u001b[39m","time":"2017-02-10T07:08:18.448Z","v":0}
{"name":"hexo","hostname":"Liang-Mac-Pro.local","pid":69417,"level":20,"msg":"Processed: \u001b[35msource/css/main.styl\u001b[39m","time":"2017-02-10T07:08:18.458Z","v":0}
{"name":"hexo","hostname":"Liang-Mac-Pro.local","pid":69417,"level":20,"msg":"Processed: \u001b[35msource/images/algolia_logo.svg\u001b[39m","time":"2017-02-10T07:08:18.459Z","v":0}
{"name":"hexo","hostname":"Liang-Mac-Pro.local","pid":69417,"level":20,"msg":"Processed: \u001b[35msource/images/avatar.gif\u001b[39m","time":"2017-02-10T07:08:18.459Z","v":0}
{"name":"hexo","hostname":"Liang-Mac-Pro.local","pid":69417,"level":20,"msg":"Processed: \u001b[35msource/images/cc-by-nc-nd.svg\u001b[39m","time":"2017-02-10T07:08:18.459Z","v":0}
{"name":"hexo","hostname":"Liang-Mac-Pro.local","pid":69417,"level":20,"msg":"Processed: \u001b[35msource/images/cc-by-nc.svg\u001b[39m","time":"2017-02-10T07:08:18.459Z","v":0}
{"name":"hexo","hostname":"Liang-Mac-Pro.local","pid":69417,"level":20,"msg":"Processed: \u001b[35msource/images/cc-by-nd.svg\u001b[39m","time":"2017-02-10T07:08:18.459Z","v":0}
{"name":"hexo","hostname":"Liang-Mac-Pro.local","pid":69417,"level":20,"msg":"Processed: \u001b[35msource/images/cc-by-sa.svg\u001b[39m","time":"2017-02-10T07:08:18.460Z","v":0}
{"name":"hexo","hostname":"Liang-Mac-Pro.local","pid":69417,"level":20,"msg":"Processed: \u001b[35msource/images/cc-by.svg\u001b[39m","time":"2017-02-10T07:08:18.460Z","v":0}
{"name":"hexo","hostname":"Liang-Mac-Pro.local","pid":69417,"level":20,"msg":"Processed: \u001b[35msource/images/loading.gif\u001b[39m","time":"2017-02-10T07:08:18.460Z","v":0}
{"name":"hexo","hostname":"Liang-Mac-Pro.local","pid":69417,"level":20,"msg":"Processed: \u001b[35msource/images/cc-by-nc-sa.svg\u001b[39m","time":"2017-02-10T07:08:18.460Z","v":0}
{"name":"hexo","hostname":"Liang-Mac-Pro.local","pid":69417,"level":20,"msg":"Processed: \u001b[35msource/images/placeholder.gif\u001b[39m","time":"2017-02-10T07:08:18.461Z","v":0}
{"name":"hexo","hostname":"Liang-Mac-Pro.local","pid":69417,"level":20,"msg":"Processed: \u001b[35msource/images/quote-l.svg\u001b[39m","time":"2017-02-10T07:08:18.462Z","v":0}
{"name":"hexo","hostname":"Liang-Mac-Pro.local","pid":69417,"level":20,"msg":"Processed: \u001b[35msource/images/quote-r.svg\u001b[39m","time":"2017-02-10T07:08:18.462Z","v":0}
{"name":"hexo","hostname":"Liang-Mac-Pro.local","pid":69417,"level":20,"msg":"Processed: \u001b[35msource/images/searchicon.png\u001b[39m","time":"2017-02-10T07:08:18.462Z","v":0}
{"name":"hexo","hostname":"Liang-Mac-Pro.local","pid":69417,"level":20,"msg":"Processed: \u001b[35msource/images/cc-zero.svg\u001b[39m","time":"2017-02-10T07:08:18.463Z","v":0}
{"name":"hexo","hostname":"Liang-Mac-Pro.local","pid":69417,"level":20,"msg":"Processed: \u001b[35m_posts/android-app-install.md\u001b[39m","time":"2017-02-10T07:08:18.553Z","v":0}
{"name":"hexo","hostname":"Liang-Mac-Pro.local","pid":69417,"level":20,"msg":"Processed: \u001b[35m_posts/2014-year-end.md\u001b[39m","time":"2017-02-10T07:08:18.560Z","v":0}
{"name":"hexo","hostname":"Liang-Mac-Pro.local","pid":69417,"level":20,"msg":"Processed: \u001b[35m_posts/android-image-scale.md\u001b[39m","time":"2017-02-10T07:08:18.565Z","v":0}
{"name":"hexo","hostname":"Liang-Mac-Pro.local","pid":69417,"level":20,"msg":"Processed: \u001b[35m_posts/android-sui-shen-wifi.md\u001b[39m","time":"2017-02-10T07:08:18.577Z","v":0}
{"name":"hexo","hostname":"Liang-Mac-Pro.local","pid":69417,"level":20,"msg":"Processed: \u001b[35m_posts/android-viewtreeobserver.md\u001b[39m","time":"2017-02-10T07:08:18.581Z","v":0}
{"name":"hexo","hostname":"Liang-Mac-Pro.local","pid":69417,"level":20,"msg":"Processed: \u001b[35m_posts/hello-proliang-com.md\u001b[39m","time":"2017-02-10T07:08:18.584Z","v":0}
{"name":"hexo","hostname":"Liang-Mac-Pro.local","pid":69417,"level":20,"msg":"Processed: \u001b[35m_posts/dns-qian-yi.md\u001b[39m","time":"2017-02-10T07:08:18.586Z","v":0}
{"name":"hexo","hostname":"Liang-Mac-Pro.local","pid":69417,"level":20,"msg":"Processed: \u001b[35m_posts/application-oncreate.md\u001b[39m","time":"2017-02-10T07:08:18.597Z","v":0}
{"name":"hexo","hostname":"Liang-Mac-Pro.local","pid":69417,"level":20,"msg":"Processed: \u001b[35m_posts/apk-save-to-cachedir.md\u001b[39m","time":"2017-02-10T07:08:18.620Z","v":0}
{"name":"hexo","hostname":"Liang-Mac-Pro.local","pid":69417,"level":20,"msg":"Processed: \u001b[35m_posts/apt-add-repository.md\u001b[39m","time":"2017-02-10T07:08:18.627Z","v":0}
{"name":"hexo","hostname":"Liang-Mac-Pro.local","pid":69417,"level":20,"msg":"Processed: \u001b[35m_posts/hello-world.md\u001b[39m","time":"2017-02-10T07:08:18.631Z","v":0}
{"name":"hexo","hostname":"Liang-Mac-Pro.local","pid":69417,"level":20,"msg":"Processed: \u001b[35m_posts/autoipdial.md\u001b[39m","time":"2017-02-10T07:08:18.660Z","v":0}
{"name":"hexo","hostname":"Liang-Mac-Pro.local","pid":69417,"level":20,"msg":"Processed: \u001b[35m_posts/dialog-custom-style.md\u001b[39m","time":"2017-02-10T07:08:18.666Z","v":0}
{"name":"hexo","hostname":"Liang-Mac-Pro.local","pid":69417,"level":20,"msg":"Processed: \u001b[35m_posts/ec2-install-wordpress.md\u001b[39m","time":"2017-02-10T07:08:18.671Z","v":0}
{"name":"hexo","hostname":"Liang-Mac-Pro.local","pid":69417,"level":20,"msg":"Processed: \u001b[35m_posts/do-yourself.md\u001b[39m","time":"2017-02-10T07:08:18.673Z","v":0}
{"name":"hexo","hostname":"Liang-Mac-Pro.local","pid":69417,"level":20,"msg":"Processed: \u001b[35m_posts/editplus-delete-empty-line.md\u001b[39m","time":"2017-02-10T07:08:18.677Z","v":0}
{"name":"hexo","hostname":"Liang-Mac-Pro.local","pid":69417,"level":20,"msg":"Processed: \u001b[35m_posts/everything-will-be-ok.md\u001b[39m","time":"2017-02-10T07:08:18.679Z","v":0}
{"name":"hexo","hostname":"Liang-Mac-Pro.local","pid":69417,"level":20,"msg":"Processed: \u001b[35m_posts/shi-ye-ming-ye.md\u001b[39m","time":"2017-02-10T07:08:18.682Z","v":0}
{"name":"hexo","hostname":"Liang-Mac-Pro.local","pid":69417,"level":20,"msg":"Processed: \u001b[35m_posts/fendou.md\u001b[39m","time":"2017-02-10T07:08:18.683Z","v":0}
{"name":"hexo","hostname":"Liang-Mac-Pro.local","pid":69417,"level":20,"msg":"Processed: \u001b[35m_posts/functions-edit-log.md\u001b[39m","time":"2017-02-10T07:08:18.684Z","v":0}
{"name":"hexo","hostname":"Liang-Mac-Pro.local","pid":69417,"level":20,"msg":"Processed: \u001b[35m_posts/happy-newyear-2015.md\u001b[39m","time":"2017-02-10T07:08:18.684Z","v":0}
{"name":"hexo","hostname":"Liang-Mac-Pro.local","pid":69417,"level":20,"msg":"Processed: \u001b[35m_posts/git-completion.md\u001b[39m","time":"2017-02-10T07:08:18.685Z","v":0}
{"name":"hexo","hostname":"Liang-Mac-Pro.local","pid":69417,"level":20,"msg":"Processed: \u001b[35m_posts/hong-xing-chu-qiang.md\u001b[39m","time":"2017-02-10T07:08:18.686Z","v":0}
{"name":"hexo","hostname":"Liang-Mac-Pro.local","pid":69417,"level":20,"msg":"Processed: \u001b[35m_posts/htaccess-tiao-zhuan.md\u001b[39m","time":"2017-02-10T07:08:18.688Z","v":0}
{"name":"hexo","hostname":"Liang-Mac-Pro.local","pid":69417,"level":20,"msg":"Processed: \u001b[35m_posts/httpurlconnection-redirect-limit.md\u001b[39m","time":"2017-02-10T07:08:18.688Z","v":0}
{"name":"hexo","hostname":"Liang-Mac-Pro.local","pid":69417,"level":20,"msg":"Processed: \u001b[35m_posts/liang-ge-hao-ren.md\u001b[39m","time":"2017-02-10T07:08:18.692Z","v":0}
{"name":"hexo","hostname":"Liang-Mac-Pro.local","pid":69417,"level":20,"msg":"Processed: \u001b[35m_posts/life-on-your-mouth.md\u001b[39m","time":"2017-02-10T07:08:18.694Z","v":0}
{"name":"hexo","hostname":"Liang-Mac-Pro.local","pid":69417,"level":20,"msg":"Processed: \u001b[35m_posts/lookup-apk-certificate.md\u001b[39m","time":"2017-02-10T07:08:18.695Z","v":0}
{"name":"hexo","hostname":"Liang-Mac-Pro.local","pid":69417,"level":20,"msg":"Processed: \u001b[35m_posts/lookup-jar-source.md\u001b[39m","time":"2017-02-10T07:08:18.696Z","v":0}
{"name":"hexo","hostname":"Liang-Mac-Pro.local","pid":69417,"level":20,"msg":"Processed: \u001b[35m_posts/manage-more-ssh-key.md\u001b[39m","time":"2017-02-10T07:08:18.697Z","v":0}
{"name":"hexo","hostname":"Liang-Mac-Pro.local","pid":69417,"level":20,"msg":"Processed: \u001b[35m_posts/overflow-menu.md\u001b[39m","time":"2017-02-10T07:08:18.698Z","v":0}
{"name":"hexo","hostname":"Liang-Mac-Pro.local","pid":69417,"level":20,"msg":"Processed: \u001b[35m_posts/python-read-properties.md\u001b[39m","time":"2017-02-10T07:08:18.701Z","v":0}
{"name":"hexo","hostname":"Liang-Mac-Pro.local","pid":69417,"level":20,"msg":"Processed: \u001b[35m_posts/regex-guide.md\u001b[39m","time":"2017-02-10T07:08:18.711Z","v":0}
{"name":"hexo","hostname":"Liang-Mac-Pro.local","pid":69417,"level":20,"msg":"Processed: \u001b[35m_posts/shou-qi-xia-la-tong-zhi-lan.md\u001b[39m","time":"2017-02-10T07:08:18.711Z","v":0}
{"name":"hexo","hostname":"Liang-Mac-Pro.local","pid":69417,"level":20,"msg":"Processed: \u001b[35m_posts/synergy.md\u001b[39m","time":"2017-02-10T07:08:18.712Z","v":0}
{"name":"hexo","hostname":"Liang-Mac-Pro.local","pid":69417,"level":20,"msg":"Processed: \u001b[35m_posts/t420-lan-ya.md\u001b[39m","time":"2017-02-10T07:08:18.714Z","v":0}
{"name":"hexo","hostname":"Liang-Mac-Pro.local","pid":69417,"level":20,"msg":"Processed: \u001b[35m_posts/tai-ji-quan-lun.md\u001b[39m","time":"2017-02-10T07:08:18.715Z","v":0}
{"name":"hexo","hostname":"Liang-Mac-Pro.local","pid":69417,"level":20,"msg":"Processed: \u001b[35m_posts/riches-family.md\u001b[39m","time":"2017-02-10T07:08:18.715Z","v":0}
{"name":"hexo","hostname":"Liang-Mac-Pro.local","pid":69417,"level":20,"msg":"Processed: \u001b[35m_posts/proguard-ormlite.md\u001b[39m","time":"2017-02-10T07:08:18.717Z","v":0}
{"name":"hexo","hostname":"Liang-Mac-Pro.local","pid":69417,"level":20,"msg":"Processed: \u001b[35m_posts/use-ajax-comments.md\u001b[39m","time":"2017-02-10T07:08:18.719Z","v":0}
{"name":"hexo","hostname":"Liang-Mac-Pro.local","pid":69417,"level":20,"msg":"Processed: \u001b[35m_posts/wordpress-comment-reply-notify.md\u001b[39m","time":"2017-02-10T07:08:18.721Z","v":0}
{"name":"hexo","hostname":"Liang-Mac-Pro.local","pid":69417,"level":20,"msg":"Processed: \u001b[35m_posts/wei-chi-xin-li-ping-heng-de-4-dian-mi-jue.md\u001b[39m","time":"2017-02-10T07:08:18.723Z","v":0}
{"name":"hexo","hostname":"Liang-Mac-Pro.local","pid":69417,"level":20,"msg":"Processed: \u001b[35m_posts/wp-admin-donot-login.md\u001b[39m","time":"2017-02-10T07:08:18.723Z","v":0}
{"name":"hexo","hostname":"Liang-Mac-Pro.local","pid":69417,"level":20,"msg":"Processed: \u001b[35m_posts/xing-fu-de-di-zi-shi-yi-wan-bai-zhou.md\u001b[39m","time":"2017-02-10T07:08:18.724Z","v":0}
{"name":"hexo","hostname":"Liang-Mac-Pro.local","pid":69417,"level":20,"msg":"Processed: \u001b[35m_posts/xing-fu.md\u001b[39m","time":"2017-02-10T07:08:18.725Z","v":0}
{"name":"hexo","hostname":"Liang-Mac-Pro.local","pid":69417,"level":20,"msg":"Processed: \u001b[35m_posts/xinjing.md\u001b[39m","time":"2017-02-10T07:08:18.726Z","v":0}
{"name":"hexo","hostname":"Liang-Mac-Pro.local","pid":69417,"level":20,"msg":"Processed: \u001b[35m_posts/xue-che-ji-lu.md\u001b[39m","time":"2017-02-10T07:08:18.726Z","v":0}
{"name":"hexo","hostname":"Liang-Mac-Pro.local","pid":69417,"level":20,"msg":"Processed: \u001b[35m_posts/yi-dui-lao-lian-ren.md\u001b[39m","time":"2017-02-10T07:08:18.727Z","v":0}
{"name":"hexo","hostname":"Liang-Mac-Pro.local","pid":69417,"level":20,"msg":"Processed: \u001b[35m_posts/yong-wu-yao-yan.md\u001b[39m","time":"2017-02-10T07:08:18.728Z","v":0}
{"name":"hexo","hostname":"Liang-Mac-Pro.local","pid":69417,"level":20,"msg":"Processed: \u001b[35m_posts/zixing-indexoutofbounds-bugfix.md\u001b[39m","time":"2017-02-10T07:08:18.729Z","v":0}
{"name":"hexo","hostname":"Liang-Mac-Pro.local","pid":69417,"level":20,"msg":"Processed: \u001b[35mlayout/_layout.swig\u001b[39m","time":"2017-02-10T07:08:18.884Z","v":0}
{"name":"hexo","hostname":"Liang-Mac-Pro.local","pid":69417,"level":20,"msg":"Processed: \u001b[35mlayout/archive.swig\u001b[39m","time":"2017-02-10T07:08:18.884Z","v":0}
{"name":"hexo","hostname":"Liang-Mac-Pro.local","pid":69417,"level":20,"msg":"Processed: \u001b[35mlayout/category.swig\u001b[39m","time":"2017-02-10T07:08:18.884Z","v":0}
{"name":"hexo","hostname":"Liang-Mac-Pro.local","pid":69417,"level":20,"msg":"Processed: \u001b[35mlayout/index.swig\u001b[39m","time":"2017-02-10T07:08:18.884Z","v":0}
{"name":"hexo","hostname":"Liang-Mac-Pro.local","pid":69417,"level":20,"msg":"Processed: \u001b[35mlayout/page.swig\u001b[39m","time":"2017-02-10T07:08:18.884Z","v":0}
{"name":"hexo","hostname":"Liang-Mac-Pro.local","pid":69417,"level":20,"msg":"Processed: \u001b[35mlayout/post.swig\u001b[39m","time":"2017-02-10T07:08:18.884Z","v":0}
{"name":"hexo","hostname":"Liang-Mac-Pro.local","pid":69417,"level":20,"msg":"Processed: \u001b[35mlayout/schedule.swig\u001b[39m","time":"2017-02-10T07:08:18.884Z","v":0}
{"name":"hexo","hostname":"Liang-Mac-Pro.local","pid":69417,"level":20,"msg":"Processed: \u001b[35mlayout/tag.swig\u001b[39m","time":"2017-02-10T07:08:18.884Z","v":0}
{"name":"hexo","hostname":"Liang-Mac-Pro.local","pid":69417,"level":20,"msg":"Processed: \u001b[35mabout/index.md\u001b[39m","time":"2017-02-10T07:08:18.889Z","v":0}
{"name":"hexo","hostname":"Liang-Mac-Pro.local","pid":69417,"level":20,"msg":"Processed: \u001b[35mlanguages/en.yml\u001b[39m","time":"2017-02-10T07:08:18.889Z","v":0}
{"name":"hexo","hostname":"Liang-Mac-Pro.local","pid":69417,"level":20,"msg":"Processed: \u001b[35mlanguages/default.yml\u001b[39m","time":"2017-02-10T07:08:18.890Z","v":0}
{"name":"hexo","hostname":"Liang-Mac-Pro.local","pid":69417,"level":20,"msg":"Processed: \u001b[35mlanguages/de.yml\u001b[39m","time":"2017-02-10T07:08:18.890Z","v":0}
{"name":"hexo","hostname":"Liang-Mac-Pro.local","pid":69417,"level":20,"msg":"Processed: \u001b[35mlanguages/id.yml\u001b[39m","time":"2017-02-10T07:08:18.890Z","v":0}
{"name":"hexo","hostname":"Liang-Mac-Pro.local","pid":69417,"level":20,"msg":"Processed: \u001b[35mlanguages/fr-FR.yml\u001b[39m","time":"2017-02-10T07:08:18.890Z","v":0}
{"name":"hexo","hostname":"Liang-Mac-Pro.local","pid":69417,"level":20,"msg":"Processed: \u001b[35mlanguages/ja.yml\u001b[39m","time":"2017-02-10T07:08:18.890Z","v":0}
{"name":"hexo","hostname":"Liang-Mac-Pro.local","pid":69417,"level":20,"msg":"Processed: \u001b[35mlanguages/pt-BR.yml\u001b[39m","time":"2017-02-10T07:08:18.890Z","v":0}
{"name":"hexo","hostname":"Liang-Mac-Pro.local","pid":69417,"level":20,"msg":"Processed: \u001b[35mlanguages/pt.yml\u001b[39m","time":"2017-02-10T07:08:18.890Z","v":0}
{"name":"hexo","hostname":"Liang-Mac-Pro.local","pid":69417,"level":20,"msg":"Processed: \u001b[35mlanguages/ko.yml\u001b[39m","time":"2017-02-10T07:08:18.890Z","v":0}
{"name":"hexo","hostname":"Liang-Mac-Pro.local","pid":69417,"level":20,"msg":"Processed: \u001b[35mlanguages/ru.yml\u001b[39m","time":"2017-02-10T07:08:18.890Z","v":0}
{"name":"hexo","hostname":"Liang-Mac-Pro.local","pid":69417,"level":20,"msg":"Processed: \u001b[35mlanguages/zh-Hans.yml\u001b[39m","time":"2017-02-10T07:08:18.890Z","v":0}
{"name":"hexo","hostname":"Liang-Mac-Pro.local","pid":69417,"level":20,"msg":"Processed: \u001b[35mlanguages/zh-hk.yml\u001b[39m","time":"2017-02-10T07:08:18.890Z","v":0}
{"name":"hexo","hostname":"Liang-Mac-Pro.local","pid":69417,"level":20,"msg":"Processed: \u001b[35mlanguages/zh-tw.yml\u001b[39m","time":"2017-02-10T07:08:18.890Z","v":0}
{"name":"hexo","hostname":"Liang-Mac-Pro.local","pid":69417,"level":20,"msg":"Processed: \u001b[35mlinks/index.md\u001b[39m","time":"2017-02-10T07:08:18.891Z","v":0}
{"name":"hexo","hostname":"Liang-Mac-Pro.local","pid":69417,"level":20,"msg":"Processed: \u001b[35mguestbook/index.md\u001b[39m","time":"2017-02-10T07:08:18.891Z","v":0}
{"name":"hexo","hostname":"Liang-Mac-Pro.local","pid":69417,"level":20,"msg":"Processed: \u001b[35msource/js/src/bootstrap.js\u001b[39m","time":"2017-02-10T07:08:18.898Z","v":0}
{"name":"hexo","hostname":"Liang-Mac-Pro.local","pid":69417,"level":20,"msg":"Processed: \u001b[35msource/js/src/algolia-search.js\u001b[39m","time":"2017-02-10T07:08:18.899Z","v":0}
{"name":"hexo","hostname":"Liang-Mac-Pro.local","pid":69417,"level":20,"msg":"Processed: \u001b[35msource/js/src/affix.js\u001b[39m","time":"2017-02-10T07:08:18.899Z","v":0}
{"name":"hexo","hostname":"Liang-Mac-Pro.local","pid":69417,"level":20,"msg":"Processed: \u001b[35msource/js/src/hook-duoshuo.js\u001b[39m","time":"2017-02-10T07:08:18.899Z","v":0}
{"name":"hexo","hostname":"Liang-Mac-Pro.local","pid":69417,"level":20,"msg":"Processed: \u001b[35msource/js/src/motion.js\u001b[39m","time":"2017-02-10T07:08:18.899Z","v":0}
{"name":"hexo","hostname":"Liang-Mac-Pro.local","pid":69417,"level":20,"msg":"Processed: \u001b[35msource/js/src/post-details.js\u001b[39m","time":"2017-02-10T07:08:18.900Z","v":0}
{"name":"hexo","hostname":"Liang-Mac-Pro.local","pid":69417,"level":20,"msg":"Processed: \u001b[35msource/js/src/utils.js\u001b[39m","time":"2017-02-10T07:08:18.900Z","v":0}
{"name":"hexo","hostname":"Liang-Mac-Pro.local","pid":69417,"level":20,"msg":"Processed: \u001b[35msource/js/src/scrollspy.js\u001b[39m","time":"2017-02-10T07:08:18.900Z","v":0}
{"name":"hexo","hostname":"Liang-Mac-Pro.local","pid":69417,"level":20,"msg":"Processed: \u001b[35msource/lib/canvas-nest/canvas-nest.min.js\u001b[39m","time":"2017-02-10T07:08:18.900Z","v":0}
{"name":"hexo","hostname":"Liang-Mac-Pro.local","pid":69417,"level":20,"msg":"Processed: \u001b[35msource/lib/algolia-instant-search/instantsearch.min.css\u001b[39m","time":"2017-02-10T07:08:18.900Z","v":0}
{"name":"hexo","hostname":"Liang-Mac-Pro.local","pid":69417,"level":20,"msg":"Processed: \u001b[35msource/lib/fastclick/LICENSE\u001b[39m","time":"2017-02-10T07:08:18.901Z","v":0}
{"name":"hexo","hostname":"Liang-Mac-Pro.local","pid":69417,"level":20,"msg":"Processed: \u001b[35msource/lib/fastclick/bower.json\u001b[39m","time":"2017-02-10T07:08:18.901Z","v":0}
{"name":"hexo","hostname":"Liang-Mac-Pro.local","pid":69417,"level":20,"msg":"Processed: \u001b[35msource/lib/fastclick/README.md\u001b[39m","time":"2017-02-10T07:08:18.901Z","v":0}
{"name":"hexo","hostname":"Liang-Mac-Pro.local","pid":69417,"level":20,"msg":"Processed: \u001b[35msource/lib/font-awesome/bower.json\u001b[39m","time":"2017-02-10T07:08:18.902Z","v":0}
{"name":"hexo","hostname":"Liang-Mac-Pro.local","pid":69417,"level":20,"msg":"Processed: \u001b[35msource/lib/velocity/bower.json\u001b[39m","time":"2017-02-10T07:08:18.902Z","v":0}
{"name":"hexo","hostname":"Liang-Mac-Pro.local","pid":69417,"level":20,"msg":"Processed: \u001b[35msource/lib/font-awesome/HELP-US-OUT.txt\u001b[39m","time":"2017-02-10T07:08:18.902Z","v":0}
{"name":"hexo","hostname":"Liang-Mac-Pro.local","pid":69417,"level":20,"msg":"Processed: \u001b[35msource/lib/velocity/velocity.ui.js\u001b[39m","time":"2017-02-10T07:08:18.903Z","v":0}
{"name":"hexo","hostname":"Liang-Mac-Pro.local","pid":69417,"level":20,"msg":"Processed: \u001b[35msource/lib/velocity/velocity.ui.min.js\u001b[39m","time":"2017-02-10T07:08:18.903Z","v":0}
{"name":"hexo","hostname":"Liang-Mac-Pro.local","pid":69417,"level":20,"msg":"Processed: \u001b[35msource/lib/velocity/velocity.min.js\u001b[39m","time":"2017-02-10T07:08:18.904Z","v":0}
{"name":"hexo","hostname":"Liang-Mac-Pro.local","pid":69417,"level":20,"msg":"Processed: \u001b[35msource/lib/jquery_lazyload/CONTRIBUTING.md\u001b[39m","time":"2017-02-10T07:08:18.904Z","v":0}
{"name":"hexo","hostname":"Liang-Mac-Pro.local","pid":69417,"level":20,"msg":"Processed: \u001b[35msource/lib/jquery_lazyload/README.md\u001b[39m","time":"2017-02-10T07:08:18.905Z","v":0}
{"name":"hexo","hostname":"Liang-Mac-Pro.local","pid":69417,"level":20,"msg":"Processed: \u001b[35msource/lib/jquery_lazyload/jquery.lazyload.js\u001b[39m","time":"2017-02-10T07:08:18.905Z","v":0}
{"name":"hexo","hostname":"Liang-Mac-Pro.local","pid":69417,"level":20,"msg":"Processed: \u001b[35msource/lib/jquery_lazyload/bower.json\u001b[39m","time":"2017-02-10T07:08:18.905Z","v":0}
{"name":"hexo","hostname":"Liang-Mac-Pro.local","pid":69417,"level":20,"msg":"Processed: \u001b[35msource/lib/jquery_lazyload/jquery.scrollstop.js\u001b[39m","time":"2017-02-10T07:08:18.905Z","v":0}
{"name":"hexo","hostname":"Liang-Mac-Pro.local","pid":69417,"level":20,"msg":"Processed: \u001b[35msource/lib/jquery/index.js\u001b[39m","time":"2017-02-10T07:08:18.938Z","v":0}
{"name":"hexo","hostname":"Liang-Mac-Pro.local","pid":69417,"level":20,"msg":"Processed: \u001b[35mlayout/_custom/header.swig\u001b[39m","time":"2017-02-10T07:08:18.995Z","v":0}
{"name":"hexo","hostname":"Liang-Mac-Pro.local","pid":69417,"level":20,"msg":"Processed: \u001b[35mlayout/_custom/sidebar.swig\u001b[39m","time":"2017-02-10T07:08:18.995Z","v":0}
{"name":"hexo","hostname":"Liang-Mac-Pro.local","pid":69417,"level":20,"msg":"Processed: \u001b[35mlayout/_partials/duoshuo-hot-articles.swig\u001b[39m","time":"2017-02-10T07:08:18.995Z","v":0}
{"name":"hexo","hostname":"Liang-Mac-Pro.local","pid":69417,"level":20,"msg":"Processed: \u001b[35mlayout/_partials/footer.swig\u001b[39m","time":"2017-02-10T07:08:18.995Z","v":0}
{"name":"hexo","hostname":"Liang-Mac-Pro.local","pid":69417,"level":20,"msg":"Processed: \u001b[35mlayout/_partials/comments.swig\u001b[39m","time":"2017-02-10T07:08:18.995Z","v":0}
{"name":"hexo","hostname":"Liang-Mac-Pro.local","pid":69417,"level":20,"msg":"Processed: \u001b[35mlayout/_partials/head.swig\u001b[39m","time":"2017-02-10T07:08:18.996Z","v":0}
{"name":"hexo","hostname":"Liang-Mac-Pro.local","pid":69417,"level":20,"msg":"Processed: \u001b[35mlayout/_partials/header.swig\u001b[39m","time":"2017-02-10T07:08:18.996Z","v":0}
{"name":"hexo","hostname":"Liang-Mac-Pro.local","pid":69417,"level":20,"msg":"Processed: \u001b[35mlayout/_partials/page-header.swig\u001b[39m","time":"2017-02-10T07:08:18.996Z","v":0}
{"name":"hexo","hostname":"Liang-Mac-Pro.local","pid":69417,"level":20,"msg":"Processed: \u001b[35mlayout/_partials/pagination.swig\u001b[39m","time":"2017-02-10T07:08:18.996Z","v":0}
{"name":"hexo","hostname":"Liang-Mac-Pro.local","pid":69417,"level":20,"msg":"Processed: \u001b[35mlayout/_partials/search.swig\u001b[39m","time":"2017-02-10T07:08:18.996Z","v":0}
{"name":"hexo","hostname":"Liang-Mac-Pro.local","pid":69417,"level":20,"msg":"Processed: \u001b[35mlayout/_macro/post.swig\u001b[39m","time":"2017-02-10T07:08:18.996Z","v":0}
{"name":"hexo","hostname":"Liang-Mac-Pro.local","pid":69417,"level":20,"msg":"Processed: \u001b[35mlayout/_macro/reward.swig\u001b[39m","time":"2017-02-10T07:08:18.996Z","v":0}
{"name":"hexo","hostname":"Liang-Mac-Pro.local","pid":69417,"level":20,"msg":"Processed: \u001b[35mlayout/_macro/wechat-subscriber.swig\u001b[39m","time":"2017-02-10T07:08:18.996Z","v":0}
{"name":"hexo","hostname":"Liang-Mac-Pro.local","pid":69417,"level":20,"msg":"Processed: \u001b[35mlayout/_macro/post-collapse.swig\u001b[39m","time":"2017-02-10T07:08:18.997Z","v":0}
{"name":"hexo","hostname":"Liang-Mac-Pro.local","pid":69417,"level":20,"msg":"Processed: \u001b[35mlayout/_scripts/baidu-push.swig\u001b[39m","time":"2017-02-10T07:08:18.997Z","v":0}
{"name":"hexo","hostname":"Liang-Mac-Pro.local","pid":69417,"level":20,"msg":"Processed: \u001b[35mlayout/_scripts/boostrap.swig\u001b[39m","time":"2017-02-10T07:08:18.997Z","v":0}
{"name":"hexo","hostname":"Liang-Mac-Pro.local","pid":69417,"level":20,"msg":"Processed: \u001b[35mlayout/_scripts/commons.swig\u001b[39m","time":"2017-02-10T07:08:18.997Z","v":0}
{"name":"hexo","hostname":"Liang-Mac-Pro.local","pid":69417,"level":20,"msg":"Processed: \u001b[35mlayout/_macro/sidebar.swig\u001b[39m","time":"2017-02-10T07:08:18.997Z","v":0}
{"name":"hexo","hostname":"Liang-Mac-Pro.local","pid":69417,"level":20,"msg":"Processed: \u001b[35mlayout/_scripts/vendors.swig\u001b[39m","time":"2017-02-10T07:08:18.997Z","v":0}
{"name":"hexo","hostname":"Liang-Mac-Pro.local","pid":69417,"level":20,"msg":"Processed: \u001b[35msource/js/src/schemes/pisces.js\u001b[39m","time":"2017-02-10T07:08:19.001Z","v":0}
{"name":"hexo","hostname":"Liang-Mac-Pro.local","pid":69417,"level":20,"msg":"Processed: \u001b[35msource/lib/fancybox/source/blank.gif\u001b[39m","time":"2017-02-10T07:08:19.002Z","v":0}
{"name":"hexo","hostname":"Liang-Mac-Pro.local","pid":69417,"level":20,"msg":"Processed: \u001b[35msource/lib/fancybox/source/fancybox_loading@2x.gif\u001b[39m","time":"2017-02-10T07:08:19.002Z","v":0}
{"name":"hexo","hostname":"Liang-Mac-Pro.local","pid":69417,"level":20,"msg":"Processed: \u001b[35msource/lib/fancybox/source/fancybox_loading.gif\u001b[39m","time":"2017-02-10T07:08:19.002Z","v":0}
{"name":"hexo","hostname":"Liang-Mac-Pro.local","pid":69417,"level":20,"msg":"Processed: \u001b[35msource/lib/fancybox/source/fancybox_overlay.png\u001b[39m","time":"2017-02-10T07:08:19.002Z","v":0}
{"name":"hexo","hostname":"Liang-Mac-Pro.local","pid":69417,"level":20,"msg":"Processed: \u001b[35msource/lib/fancybox/source/fancybox_sprite.png\u001b[39m","time":"2017-02-10T07:08:19.003Z","v":0}
{"name":"hexo","hostname":"Liang-Mac-Pro.local","pid":69417,"level":20,"msg":"Processed: \u001b[35msource/lib/fancybox/source/fancybox_sprite@2x.png\u001b[39m","time":"2017-02-10T07:08:19.003Z","v":0}
{"name":"hexo","hostname":"Liang-Mac-Pro.local","pid":69417,"level":20,"msg":"Processed: \u001b[35msource/lib/fancybox/source/jquery.fancybox.css\u001b[39m","time":"2017-02-10T07:08:19.003Z","v":0}
{"name":"hexo","hostname":"Liang-Mac-Pro.local","pid":69417,"level":20,"msg":"Processed: \u001b[35msource/lib/fancybox/source/jquery.fancybox.pack.js\u001b[39m","time":"2017-02-10T07:08:19.003Z","v":0}
{"name":"hexo","hostname":"Liang-Mac-Pro.local","pid":69417,"level":20,"msg":"Processed: \u001b[35msource/lib/fancybox/source/jquery.fancybox.js\u001b[39m","time":"2017-02-10T07:08:19.004Z","v":0}
{"name":"hexo","hostname":"Liang-Mac-Pro.local","pid":69417,"level":20,"msg":"Processed: \u001b[35msource/lib/fastclick/lib/fastclick.min.js\u001b[39m","time":"2017-02-10T07:08:19.004Z","v":0}
{"name":"hexo","hostname":"Liang-Mac-Pro.local","pid":69417,"level":20,"msg":"Processed: \u001b[35msource/lib/fastclick/lib/fastclick.js\u001b[39m","time":"2017-02-10T07:08:19.004Z","v":0}
{"name":"hexo","hostname":"Liang-Mac-Pro.local","pid":69417,"level":20,"msg":"Processed: \u001b[35msource/lib/ua-parser-js/dist/ua-parser.min.js\u001b[39m","time":"2017-02-10T07:08:19.004Z","v":0}
{"name":"hexo","hostname":"Liang-Mac-Pro.local","pid":69417,"level":20,"msg":"Processed: \u001b[35msource/lib/ua-parser-js/dist/ua-parser.pack.js\u001b[39m","time":"2017-02-10T07:08:19.004Z","v":0}
{"name":"hexo","hostname":"Liang-Mac-Pro.local","pid":69417,"level":20,"msg":"Processed: \u001b[35msource/lib/font-awesome/css/font-awesome.css.map\u001b[39m","time":"2017-02-10T07:08:19.005Z","v":0}
{"name":"hexo","hostname":"Liang-Mac-Pro.local","pid":69417,"level":20,"msg":"Processed: \u001b[35msource/lib/font-awesome/css/font-awesome.css\u001b[39m","time":"2017-02-10T07:08:19.005Z","v":0}
{"name":"hexo","hostname":"Liang-Mac-Pro.local","pid":69417,"level":20,"msg":"Processed: \u001b[35msource/lib/font-awesome/css/font-awesome.min.css\u001b[39m","time":"2017-02-10T07:08:19.005Z","v":0}
{"name":"hexo","hostname":"Liang-Mac-Pro.local","pid":69417,"level":20,"msg":"Processed: \u001b[35mlayout/_scripts/schemes/mist.swig\u001b[39m","time":"2017-02-10T07:08:19.009Z","v":0}
{"name":"hexo","hostname":"Liang-Mac-Pro.local","pid":69417,"level":20,"msg":"Processed: \u001b[35mlayout/_scripts/schemes/muse.swig\u001b[39m","time":"2017-02-10T07:08:19.009Z","v":0}
{"name":"hexo","hostname":"Liang-Mac-Pro.local","pid":69417,"level":20,"msg":"Processed: \u001b[35msource/lib/font-awesome/fonts/FontAwesome.otf\u001b[39m","time":"2017-02-10T07:08:19.009Z","v":0}
{"name":"hexo","hostname":"Liang-Mac-Pro.local","pid":69417,"level":20,"msg":"Processed: \u001b[35msource/lib/font-awesome/fonts/fontawesome-webfont.eot\u001b[39m","time":"2017-02-10T07:08:19.010Z","v":0}
{"name":"hexo","hostname":"Liang-Mac-Pro.local","pid":69417,"level":20,"msg":"Processed: \u001b[35msource/lib/velocity/velocity.js\u001b[39m","time":"2017-02-10T07:08:19.010Z","v":0}
{"name":"hexo","hostname":"Liang-Mac-Pro.local","pid":69417,"level":20,"msg":"Processed: \u001b[35msource/lib/font-awesome/fonts/fontawesome-webfont.woff\u001b[39m","time":"2017-02-10T07:08:19.010Z","v":0}
{"name":"hexo","hostname":"Liang-Mac-Pro.local","pid":69417,"level":20,"msg":"Processed: \u001b[35msource/lib/font-awesome/fonts/fontawesome-webfont.woff2\u001b[39m","time":"2017-02-10T07:08:19.010Z","v":0}
{"name":"hexo","hostname":"Liang-Mac-Pro.local","pid":69417,"level":20,"msg":"Processed: \u001b[35mlayout/_components/algolia-search/dom.swig\u001b[39m","time":"2017-02-10T07:08:19.028Z","v":0}
{"name":"hexo","hostname":"Liang-Mac-Pro.local","pid":69417,"level":20,"msg":"Processed: \u001b[35mlayout/_partials/search/localsearch.swig\u001b[39m","time":"2017-02-10T07:08:19.028Z","v":0}
{"name":"hexo","hostname":"Liang-Mac-Pro.local","pid":69417,"level":20,"msg":"Processed: \u001b[35mlayout/_partials/head/external-fonts.swig\u001b[39m","time":"2017-02-10T07:08:19.028Z","v":0}
{"name":"hexo","hostname":"Liang-Mac-Pro.local","pid":69417,"level":20,"msg":"Processed: \u001b[35mlayout/_components/algolia-search/assets.swig\u001b[39m","time":"2017-02-10T07:08:19.028Z","v":0}
{"name":"hexo","hostname":"Liang-Mac-Pro.local","pid":69417,"level":20,"msg":"Processed: \u001b[35mlayout/_partials/head/custom-head.swig\u001b[39m","time":"2017-02-10T07:08:19.028Z","v":0}
{"name":"hexo","hostname":"Liang-Mac-Pro.local","pid":69417,"level":20,"msg":"Processed: \u001b[35mlayout/_partials/search/swiftype.swig\u001b[39m","time":"2017-02-10T07:08:19.028Z","v":0}
{"name":"hexo","hostname":"Liang-Mac-Pro.local","pid":69417,"level":20,"msg":"Processed: \u001b[35mlayout/_partials/search/tinysou.swig\u001b[39m","time":"2017-02-10T07:08:19.028Z","v":0}
{"name":"hexo","hostname":"Liang-Mac-Pro.local","pid":69417,"level":20,"msg":"Processed: \u001b[35mlayout/_partials/share/baidushare.swig\u001b[39m","time":"2017-02-10T07:08:19.029Z","v":0}
{"name":"hexo","hostname":"Liang-Mac-Pro.local","pid":69417,"level":20,"msg":"Processed: \u001b[35mlayout/_partials/share/add-this.swig\u001b[39m","time":"2017-02-10T07:08:19.029Z","v":0}
{"name":"hexo","hostname":"Liang-Mac-Pro.local","pid":69417,"level":20,"msg":"Processed: \u001b[35mlayout/_partials/share/jiathis.swig\u001b[39m","time":"2017-02-10T07:08:19.029Z","v":0}
{"name":"hexo","hostname":"Liang-Mac-Pro.local","pid":69417,"level":20,"msg":"Processed: \u001b[35mlayout/_partials/share/duoshuo_share.swig\u001b[39m","time":"2017-02-10T07:08:19.029Z","v":0}
{"name":"hexo","hostname":"Liang-Mac-Pro.local","pid":69417,"level":20,"msg":"Processed: \u001b[35mlayout/_scripts/pages/post-details.swig\u001b[39m","time":"2017-02-10T07:08:19.029Z","v":0}
{"name":"hexo","hostname":"Liang-Mac-Pro.local","pid":69417,"level":20,"msg":"Processed: \u001b[35mlayout/_scripts/third-party/comments.swig\u001b[39m","time":"2017-02-10T07:08:19.029Z","v":0}
{"name":"hexo","hostname":"Liang-Mac-Pro.local","pid":69417,"level":20,"msg":"Processed: \u001b[35mlayout/_scripts/third-party/analytics.swig\u001b[39m","time":"2017-02-10T07:08:19.029Z","v":0}
{"name":"hexo","hostname":"Liang-Mac-Pro.local","pid":69417,"level":20,"msg":"Processed: \u001b[35mlayout/_scripts/schemes/pisces.swig\u001b[39m","time":"2017-02-10T07:08:19.029Z","v":0}
{"name":"hexo","hostname":"Liang-Mac-Pro.local","pid":69417,"level":20,"msg":"Processed: \u001b[35mlayout/_scripts/third-party/lean-analytics.swig\u001b[39m","time":"2017-02-10T07:08:19.029Z","v":0}
{"name":"hexo","hostname":"Liang-Mac-Pro.local","pid":69417,"level":20,"msg":"Processed: \u001b[35mlayout/_scripts/third-party/mathjax.swig\u001b[39m","time":"2017-02-10T07:08:19.029Z","v":0}
{"name":"hexo","hostname":"Liang-Mac-Pro.local","pid":69417,"level":20,"msg":"Processed: \u001b[35mlayout/_scripts/third-party/schedule.swig\u001b[39m","time":"2017-02-10T07:08:19.030Z","v":0}
{"name":"hexo","hostname":"Liang-Mac-Pro.local","pid":69417,"level":20,"msg":"Processed: \u001b[35mlayout/_scripts/third-party/localsearch.swig\u001b[39m","time":"2017-02-10T07:08:19.030Z","v":0}
{"name":"hexo","hostname":"Liang-Mac-Pro.local","pid":69417,"level":20,"msg":"Processed: \u001b[35mlayout/_scripts/third-party/tinysou.swig\u001b[39m","time":"2017-02-10T07:08:19.030Z","v":0}
{"name":"hexo","hostname":"Liang-Mac-Pro.local","pid":69417,"level":20,"msg":"Processed: \u001b[35msource/lib/fancybox/source/helpers/jquery.fancybox-buttons.css\u001b[39m","time":"2017-02-10T07:08:19.035Z","v":0}
{"name":"hexo","hostname":"Liang-Mac-Pro.local","pid":69417,"level":20,"msg":"Processed: \u001b[35msource/lib/fancybox/source/helpers/jquery.fancybox-buttons.js\u001b[39m","time":"2017-02-10T07:08:19.035Z","v":0}
{"name":"hexo","hostname":"Liang-Mac-Pro.local","pid":69417,"level":20,"msg":"Processed: \u001b[35msource/lib/fancybox/source/helpers/fancybox_buttons.png\u001b[39m","time":"2017-02-10T07:08:19.035Z","v":0}
{"name":"hexo","hostname":"Liang-Mac-Pro.local","pid":69417,"level":20,"msg":"Processed: \u001b[35msource/lib/fancybox/source/helpers/jquery.fancybox-thumbs.css\u001b[39m","time":"2017-02-10T07:08:19.036Z","v":0}
{"name":"hexo","hostname":"Liang-Mac-Pro.local","pid":69417,"level":20,"msg":"Processed: \u001b[35msource/lib/fancybox/source/helpers/jquery.fancybox-thumbs.js\u001b[39m","time":"2017-02-10T07:08:19.036Z","v":0}
{"name":"hexo","hostname":"Liang-Mac-Pro.local","pid":69417,"level":20,"msg":"Processed: \u001b[35msource/lib/fancybox/source/helpers/jquery.fancybox-media.js\u001b[39m","time":"2017-02-10T07:08:19.036Z","v":0}
{"name":"hexo","hostname":"Liang-Mac-Pro.local","pid":69417,"level":20,"msg":"Processed: \u001b[35msource/lib/font-awesome/fonts/fontawesome-webfont.ttf\u001b[39m","time":"2017-02-10T07:08:19.036Z","v":0}
{"name":"hexo","hostname":"Liang-Mac-Pro.local","pid":69417,"level":20,"msg":"Processed: \u001b[35mlayout/_scripts/third-party/analytics/baidu-analytics.swig\u001b[39m","time":"2017-02-10T07:08:19.043Z","v":0}
{"name":"hexo","hostname":"Liang-Mac-Pro.local","pid":69417,"level":20,"msg":"Processed: \u001b[35mlayout/_scripts/third-party/analytics/application-insights.swig\u001b[39m","time":"2017-02-10T07:08:19.044Z","v":0}
{"name":"hexo","hostname":"Liang-Mac-Pro.local","pid":69417,"level":20,"msg":"Processed: \u001b[35mlayout/_scripts/third-party/analytics/facebook-sdk.swig\u001b[39m","time":"2017-02-10T07:08:19.044Z","v":0}
{"name":"hexo","hostname":"Liang-Mac-Pro.local","pid":69417,"level":20,"msg":"Processed: \u001b[35mlayout/_scripts/third-party/analytics/busuanzi-counter.swig\u001b[39m","time":"2017-02-10T07:08:19.045Z","v":0}
{"name":"hexo","hostname":"Liang-Mac-Pro.local","pid":69417,"level":20,"msg":"Processed: \u001b[35mlayout/_scripts/third-party/analytics/cnzz-analytics.swig\u001b[39m","time":"2017-02-10T07:08:19.045Z","v":0}
{"name":"hexo","hostname":"Liang-Mac-Pro.local","pid":69417,"level":20,"msg":"Processed: \u001b[35mlayout/_scripts/third-party/analytics/google-analytics.swig\u001b[39m","time":"2017-02-10T07:08:19.045Z","v":0}
{"name":"hexo","hostname":"Liang-Mac-Pro.local","pid":69417,"level":20,"msg":"Processed: \u001b[35mlayout/_scripts/third-party/analytics/vkontakte-api.swig\u001b[39m","time":"2017-02-10T07:08:19.045Z","v":0}
{"name":"hexo","hostname":"Liang-Mac-Pro.local","pid":69417,"level":20,"msg":"Processed: \u001b[35msource/lib/algolia-instant-search/instantsearch.min.js\u001b[39m","time":"2017-02-10T07:08:19.045Z","v":0}
{"name":"hexo","hostname":"Liang-Mac-Pro.local","pid":69417,"level":20,"msg":"Processed: \u001b[35mlayout/_scripts/third-party/analytics/tencent-mta.swig\u001b[39m","time":"2017-02-10T07:08:19.059Z","v":0}
{"name":"hexo","hostname":"Liang-Mac-Pro.local","pid":69417,"level":20,"msg":"Processed: \u001b[35mlayout/_scripts/third-party/analytics/tencent-analytics.swig\u001b[39m","time":"2017-02-10T07:08:19.059Z","v":0}
{"name":"hexo","hostname":"Liang-Mac-Pro.local","pid":69417,"level":20,"msg":"Processed: \u001b[35mlayout/_scripts/third-party/comments/duoshuo.swig\u001b[39m","time":"2017-02-10T07:08:19.059Z","v":0}
{"name":"hexo","hostname":"Liang-Mac-Pro.local","pid":69417,"level":20,"msg":"Processed: \u001b[35mlayout/_scripts/third-party/comments/disqus.swig\u001b[39m","time":"2017-02-10T07:08:19.059Z","v":0}
{"name":"hexo","hostname":"Liang-Mac-Pro.local","pid":69417,"level":20,"msg":"Processed: \u001b[35mlayout/_scripts/third-party/comments/hypercomments.swig\u001b[39m","time":"2017-02-10T07:08:19.059Z","v":0}
{"name":"hexo","hostname":"Liang-Mac-Pro.local","pid":69417,"level":20,"msg":"Processed: \u001b[35mlayout/_scripts/third-party/comments/youyan.swig\u001b[39m","time":"2017-02-10T07:08:19.060Z","v":0}
{"name":"hexo","hostname":"Liang-Mac-Pro.local","pid":69417,"level":20,"msg":"Processed: \u001b[35mlayout/_scripts/third-party/comments/gentie.swig\u001b[39m","time":"2017-02-10T07:08:19.060Z","v":0}
{"name":"hexo","hostname":"Liang-Mac-Pro.local","pid":69417,"level":20,"msg":"Processed: \u001b[35mlayout/_scripts/third-party/comments/livere.swig\u001b[39m","time":"2017-02-10T07:08:19.060Z","v":0}
{"name":"hexo","hostname":"Liang-Mac-Pro.local","pid":69417,"level":20,"msg":"Processed: \u001b[35msource/lib/font-awesome/fonts/fontawesome-webfont.svg\u001b[39m","time":"2017-02-10T07:08:19.060Z","v":0}
{"name":"hexo","hostname":"Liang-Mac-Pro.local","pid":69417,"level":20,"msg":"Generator: \u001b[35mpage\u001b[39m","time":"2017-02-10T07:08:19.709Z","v":0}
{"name":"hexo","hostname":"Liang-Mac-Pro.local","pid":69417,"level":20,"msg":"Generator: \u001b[35mpost\u001b[39m","time":"2017-02-10T07:08:19.710Z","v":0}
{"name":"hexo","hostname":"Liang-Mac-Pro.local","pid":69417,"level":20,"msg":"Generator: \u001b[35marchive\u001b[39m","time":"2017-02-10T07:08:19.710Z","v":0}
{"name":"hexo","hostname":"Liang-Mac-Pro.local","pid":69417,"level":20,"msg":"Generator: \u001b[35mcategory\u001b[39m","time":"2017-02-10T07:08:19.710Z","v":0}
{"name":"hexo","hostname":"Liang-Mac-Pro.local","pid":69417,"level":20,"msg":"Generator: \u001b[35mindex\u001b[39m","time":"2017-02-10T07:08:19.710Z","v":0}
{"name":"hexo","hostname":"Liang-Mac-Pro.local","pid":69417,"level":20,"msg":"Generator: \u001b[35mtag\u001b[39m","time":"2017-02-10T07:08:19.710Z","v":0}
{"name":"hexo","hostname":"Liang-Mac-Pro.local","pid":69417,"level":20,"msg":"Generator: \u001b[35masset\u001b[39m","time":"2017-02-10T07:08:19.711Z","v":0}
{"name":"hexo","hostname":"Liang-Mac-Pro.local","pid":69417,"level":30,"msg":"Hexo is running at \u001b[4mhttp://localhost:4000/\u001b[24m. Press Ctrl+C to stop.","time":"2017-02-10T07:08:19.811Z","v":0}
{"name":"hexo","hostname":"Liang-Mac-Pro.local","pid":69417,"level":20,"msg":"Database saved","time":"2017-02-10T07:08:19.854Z","v":0}
{"name":"hexo","hostname":"Liang-Mac-Pro.local","pid":69417,"level":20,"msg":"Rendering index: \u001b[35mindex.html\u001b[39m","time":"2017-02-10T07:08:36.461Z","v":0}
{"name":"hexo","hostname":"Liang-Mac-Pro.local","pid":69417,"level":20,"msg":"Rendering post: \u001b[35m2016/07/19/python-read-properties/index.html\u001b[39m","time":"2017-02-10T07:09:06.136Z","v":0}
{"name":"hexo","hostname":"Liang-Mac-Pro.local","pid":69417,"level":20,"msg":"Rendering post: \u001b[35m2016/07/19/python-read-properties/index.html\u001b[39m","time":"2017-02-10T07:09:50.812Z","v":0}
{"name":"hexo","hostname":"Liang-Mac-Pro.local","pid":69417,"level":20,"msg":"Rendering index: \u001b[35mindex.html\u001b[39m","time":"2017-02-10T07:09:53.575Z","v":0}
{"name":"hexo","hostname":"Liang-Mac-Pro.local","pid":69417,"level":20,"msg":"Rendering post: \u001b[35m2016/07/19/python-read-properties/index.html\u001b[39m","time":"2017-02-10T07:10:02.781Z","v":0}
{"name":"hexo","hostname":"Liang-Mac-Pro.local","pid":69417,"level":30,"msg":"Farewell","time":"2017-02-10T07:11:09.593Z","v":0}
{"name":"hexo","hostname":"Liang-Mac-Pro.local","pid":69417,"level":20,"msg":"Database saved","time":"2017-02-10T07:11:09.647Z","v":0}
